<?xml version="1.0" encoding="UTF-8"?>
<testsuite xmlns:xsi="http://www.w3.org/2001/XMLSchema-instance" xsi:noNamespaceSchemaLocation="https://maven.apache.org/surefire/maven-surefire-plugin/xsd/surefire-test-report-3.0.xsd" version="3.0" name="com.gpads.moringa.MoringaApplicationTests" time="4.33" tests="1" errors="0" skipped="0" failures="0">
  <properties>
    <property name="java.specification.version" value="17"/>
    <property name="sun.jnu.encoding" value="UTF-8"/>
    <property name="java.class.path" value="/workspaces/Spring-Moringa/target/test-classes:/workspaces/Spring-Moringa/target/classes:/home/codespace/.m2/repository/org/springframework/boot/spring-boot-starter-web/3.3.12/spring-boot-starter-web-3.3.12.jar:/home/codespace/.m2/repository/org/springframework/boot/spring-boot-starter/3.3.12/spring-boot-starter-3.3.12.jar:/home/codespace/.m2/repository/org/springframework/boot/spring-boot-starter-logging/3.3.12/spring-boot-starter-logging-3.3.12.jar:/home/codespace/.m2/repository/ch/qos/logback/logback-classic/1.5.18/logback-classic-1.5.18.jar:/home/codespace/.m2/repository/ch/qos/logback/logback-core/1.5.18/logback-core-1.5.18.jar:/home/codespace/.m2/repository/org/apache/logging/log4j/log4j-to-slf4j/2.23.1/log4j-to-slf4j-2.23.1.jar:/home/codespace/.m2/repository/org/apache/logging/log4j/log4j-api/2.23.1/log4j-api-2.23.1.jar:/home/codespace/.m2/repository/org/slf4j/jul-to-slf4j/2.0.17/jul-to-slf4j-2.0.17.jar:/home/codespace/.m2/repository/jakarta/annotation/jakarta.annotation-api/2.1.1/jakarta.annotation-api-2.1.1.jar:/home/codespace/.m2/repository/org/yaml/snakeyaml/2.2/snakeyaml-2.2.jar:/home/codespace/.m2/repository/org/springframework/boot/spring-boot-starter-json/3.3.12/spring-boot-starter-json-3.3.12.jar:/home/codespace/.m2/repository/com/fasterxml/jackson/core/jackson-databind/2.17.3/jackson-databind-2.17.3.jar:/home/codespace/.m2/repository/com/fasterxml/jackson/core/jackson-annotations/2.17.3/jackson-annotations-2.17.3.jar:/home/codespace/.m2/repository/com/fasterxml/jackson/core/jackson-core/2.17.3/jackson-core-2.17.3.jar:/home/codespace/.m2/repository/com/fasterxml/jackson/datatype/jackson-datatype-jdk8/2.17.3/jackson-datatype-jdk8-2.17.3.jar:/home/codespace/.m2/repository/com/fasterxml/jackson/datatype/jackson-datatype-jsr310/2.17.3/jackson-datatype-jsr310-2.17.3.jar:/home/codespace/.m2/repository/com/fasterxml/jackson/module/jackson-module-parameter-names/2.17.3/jackson-module-parameter-names-2.17.3.jar:/home/codespace/.m2/repository/org/springframework/boot/spring-boot-starter-tomcat/3.3.12/spring-boot-starter-tomcat-3.3.12.jar:/home/codespace/.m2/repository/org/apache/tomcat/embed/tomcat-embed-core/10.1.41/tomcat-embed-core-10.1.41.jar:/home/codespace/.m2/repository/org/apache/tomcat/embed/tomcat-embed-el/10.1.41/tomcat-embed-el-10.1.41.jar:/home/codespace/.m2/repository/org/apache/tomcat/embed/tomcat-embed-websocket/10.1.41/tomcat-embed-websocket-10.1.41.jar:/home/codespace/.m2/repository/org/springframework/spring-web/6.1.20/spring-web-6.1.20.jar:/home/codespace/.m2/repository/org/springframework/spring-beans/6.1.20/spring-beans-6.1.20.jar:/home/codespace/.m2/repository/io/micrometer/micrometer-observation/1.13.14/micrometer-observation-1.13.14.jar:/home/codespace/.m2/repository/io/micrometer/micrometer-commons/1.13.14/micrometer-commons-1.13.14.jar:/home/codespace/.m2/repository/org/springframework/spring-webmvc/6.1.20/spring-webmvc-6.1.20.jar:/home/codespace/.m2/repository/org/springframework/spring-aop/6.1.20/spring-aop-6.1.20.jar:/home/codespace/.m2/repository/org/springframework/spring-context/6.1.20/spring-context-6.1.20.jar:/home/codespace/.m2/repository/org/springframework/spring-expression/6.1.20/spring-expression-6.1.20.jar:/home/codespace/.m2/repository/org/springframework/boot/spring-boot-devtools/3.3.12/spring-boot-devtools-3.3.12.jar:/home/codespace/.m2/repository/org/springframework/boot/spring-boot/3.3.12/spring-boot-3.3.12.jar:/home/codespace/.m2/repository/org/springframework/boot/spring-boot-autoconfigure/3.3.12/spring-boot-autoconfigure-3.3.12.jar:/home/codespace/.m2/repository/org/springframework/boot/spring-boot-starter-test/3.3.12/spring-boot-starter-test-3.3.12.jar:/home/codespace/.m2/repository/org/springframework/boot/spring-boot-test/3.3.12/spring-boot-test-3.3.12.jar:/home/codespace/.m2/repository/org/springframework/boot/spring-boot-test-autoconfigure/3.3.12/spring-boot-test-autoconfigure-3.3.12.jar:/home/codespace/.m2/repository/com/jayway/jsonpath/json-path/2.9.0/json-path-2.9.0.jar:/home/codespace/.m2/repository/org/slf4j/slf4j-api/2.0.17/slf4j-api-2.0.17.jar:/home/codespace/.m2/repository/jakarta/xml/bind/jakarta.xml.bind-api/4.0.2/jakarta.xml.bind-api-4.0.2.jar:/home/codespace/.m2/repository/jakarta/activation/jakarta.activation-api/2.1.3/jakarta.activation-api-2.1.3.jar:/home/codespace/.m2/repository/net/minidev/json-smart/2.5.2/json-smart-2.5.2.jar:/home/codespace/.m2/repository/net/minidev/accessors-smart/2.5.2/accessors-smart-2.5.2.jar:/home/codespace/.m2/repository/org/ow2/asm/asm/9.7.1/asm-9.7.1.jar:/home/codespace/.m2/repository/org/assertj/assertj-core/3.25.3/assertj-core-3.25.3.jar:/home/codespace/.m2/repository/net/bytebuddy/byte-buddy/1.14.19/byte-buddy-1.14.19.jar:/home/codespace/.m2/repository/org/awaitility/awaitility/4.2.2/awaitility-4.2.2.jar:/home/codespace/.m2/repository/org/hamcrest/hamcrest/2.2/hamcrest-2.2.jar:/home/codespace/.m2/repository/org/junit/jupiter/junit-jupiter/5.10.5/junit-jupiter-5.10.5.jar:/home/codespace/.m2/repository/org/junit/jupiter/junit-jupiter-api/5.10.5/junit-jupiter-api-5.10.5.jar:/home/codespace/.m2/repository/org/opentest4j/opentest4j/1.3.0/opentest4j-1.3.0.jar:/home/codespace/.m2/repository/org/junit/platform/junit-platform-commons/1.10.5/junit-platform-commons-1.10.5.jar:/home/codespace/.m2/repository/org/apiguardian/apiguardian-api/1.1.2/apiguardian-api-1.1.2.jar:/home/codespace/.m2/repository/org/junit/jupiter/junit-jupiter-params/5.10.5/junit-jupiter-params-5.10.5.jar:/home/codespace/.m2/repository/org/junit/jupiter/junit-jupiter-engine/5.10.5/junit-jupiter-engine-5.10.5.jar:/home/codespace/.m2/repository/org/junit/platform/junit-platform-engine/1.10.5/junit-platform-engine-1.10.5.jar:/home/codespace/.m2/repository/org/mockito/mockito-core/5.11.0/mockito-core-5.11.0.jar:/home/codespace/.m2/repository/net/bytebuddy/byte-buddy-agent/1.14.19/byte-buddy-agent-1.14.19.jar:/home/codespace/.m2/repository/org/objenesis/objenesis/3.3/objenesis-3.3.jar:/home/codespace/.m2/repository/org/mockito/mockito-junit-jupiter/5.11.0/mockito-junit-jupiter-5.11.0.jar:/home/codespace/.m2/repository/org/skyscreamer/jsonassert/1.5.3/jsonassert-1.5.3.jar:/home/codespace/.m2/repository/com/vaadin/external/google/android-json/0.0.20131108.vaadin1/android-json-0.0.20131108.vaadin1.jar:/home/codespace/.m2/repository/org/springframework/spring-core/6.1.20/spring-core-6.1.20.jar:/home/codespace/.m2/repository/org/springframework/spring-jcl/6.1.20/spring-jcl-6.1.20.jar:/home/codespace/.m2/repository/org/springframework/spring-test/6.1.20/spring-test-6.1.20.jar:/home/codespace/.m2/repository/org/xmlunit/xmlunit-core/2.9.1/xmlunit-core-2.9.1.jar:/home/codespace/.m2/repository/org/springframework/boot/spring-boot-starter-data-mongodb/3.3.12/spring-boot-starter-data-mongodb-3.3.12.jar:/home/codespace/.m2/repository/org/springframework/data/spring-data-mongodb/4.3.12/spring-data-mongodb-4.3.12.jar:/home/codespace/.m2/repository/org/springframework/spring-tx/6.1.20/spring-tx-6.1.20.jar:/home/codespace/.m2/repository/org/springframework/data/spring-data-commons/3.3.12/spring-data-commons-3.3.12.jar:/home/codespace/.m2/repository/org/mongodb/mongodb-driver-sync/5.0.1/mongodb-driver-sync-5.0.1.jar:/home/codespace/.m2/repository/org/mongodb/bson/5.0.1/bson-5.0.1.jar:/home/codespace/.m2/repository/org/mongodb/mongodb-driver-core/5.0.1/mongodb-driver-core-5.0.1.jar:/home/codespace/.m2/repository/org/mongodb/bson-record-codec/5.0.1/bson-record-codec-5.0.1.jar:/home/codespace/.m2/repository/io/github/cdimascio/dotenv-java/2.2.0/dotenv-java-2.2.0.jar:"/>
    <property name="java.vm.vendor" value="Ubuntu"/>
    <property name="sun.arch.data.model" value="64"/>
    <property name="java.vendor.url" value="https://ubuntu.com/"/>
    <property name="user.timezone" value="Etc/UTC"/>
    <property name="os.name" value="Linux"/>
    <property name="java.vm.specification.version" value="17"/>
    <property name="sun.java.launcher" value="SUN_STANDARD"/>
    <property name="sun.boot.library.path" value="/usr/lib/jvm/java-17-openjdk-amd64/lib"/>
    <property name="sun.java.command" value="/workspaces/Spring-Moringa/target/surefire/surefirebooter-20250612202146678_3.jar /workspaces/Spring-Moringa/target/surefire 2025-06-12T20-21-46_572-jvmRun1 surefire-20250612202146678_1tmp surefire_0-20250612202146678_2tmp"/>
    <property name="jdk.debug" value="release"/>
    <property name="surefire.test.class.path" value="/workspaces/Spring-Moringa/target/test-classes:/workspaces/Spring-Moringa/target/classes:/home/codespace/.m2/repository/org/springframework/boot/spring-boot-starter-web/3.3.12/spring-boot-starter-web-3.3.12.jar:/home/codespace/.m2/repository/org/springframework/boot/spring-boot-starter/3.3.12/spring-boot-starter-3.3.12.jar:/home/codespace/.m2/repository/org/springframework/boot/spring-boot-starter-logging/3.3.12/spring-boot-starter-logging-3.3.12.jar:/home/codespace/.m2/repository/ch/qos/logback/logback-classic/1.5.18/logback-classic-1.5.18.jar:/home/codespace/.m2/repository/ch/qos/logback/logback-core/1.5.18/logback-core-1.5.18.jar:/home/codespace/.m2/repository/org/apache/logging/log4j/log4j-to-slf4j/2.23.1/log4j-to-slf4j-2.23.1.jar:/home/codespace/.m2/repository/org/apache/logging/log4j/log4j-api/2.23.1/log4j-api-2.23.1.jar:/home/codespace/.m2/repository/org/slf4j/jul-to-slf4j/2.0.17/jul-to-slf4j-2.0.17.jar:/home/codespace/.m2/repository/jakarta/annotation/jakarta.annotation-api/2.1.1/jakarta.annotation-api-2.1.1.jar:/home/codespace/.m2/repository/org/yaml/snakeyaml/2.2/snakeyaml-2.2.jar:/home/codespace/.m2/repository/org/springframework/boot/spring-boot-starter-json/3.3.12/spring-boot-starter-json-3.3.12.jar:/home/codespace/.m2/repository/com/fasterxml/jackson/core/jackson-databind/2.17.3/jackson-databind-2.17.3.jar:/home/codespace/.m2/repository/com/fasterxml/jackson/core/jackson-annotations/2.17.3/jackson-annotations-2.17.3.jar:/home/codespace/.m2/repository/com/fasterxml/jackson/core/jackson-core/2.17.3/jackson-core-2.17.3.jar:/home/codespace/.m2/repository/com/fasterxml/jackson/datatype/jackson-datatype-jdk8/2.17.3/jackson-datatype-jdk8-2.17.3.jar:/home/codespace/.m2/repository/com/fasterxml/jackson/datatype/jackson-datatype-jsr310/2.17.3/jackson-datatype-jsr310-2.17.3.jar:/home/codespace/.m2/repository/com/fasterxml/jackson/module/jackson-module-parameter-names/2.17.3/jackson-module-parameter-names-2.17.3.jar:/home/codespace/.m2/repository/org/springframework/boot/spring-boot-starter-tomcat/3.3.12/spring-boot-starter-tomcat-3.3.12.jar:/home/codespace/.m2/repository/org/apache/tomcat/embed/tomcat-embed-core/10.1.41/tomcat-embed-core-10.1.41.jar:/home/codespace/.m2/repository/org/apache/tomcat/embed/tomcat-embed-el/10.1.41/tomcat-embed-el-10.1.41.jar:/home/codespace/.m2/repository/org/apache/tomcat/embed/tomcat-embed-websocket/10.1.41/tomcat-embed-websocket-10.1.41.jar:/home/codespace/.m2/repository/org/springframework/spring-web/6.1.20/spring-web-6.1.20.jar:/home/codespace/.m2/repository/org/springframework/spring-beans/6.1.20/spring-beans-6.1.20.jar:/home/codespace/.m2/repository/io/micrometer/micrometer-observation/1.13.14/micrometer-observation-1.13.14.jar:/home/codespace/.m2/repository/io/micrometer/micrometer-commons/1.13.14/micrometer-commons-1.13.14.jar:/home/codespace/.m2/repository/org/springframework/spring-webmvc/6.1.20/spring-webmvc-6.1.20.jar:/home/codespace/.m2/repository/org/springframework/spring-aop/6.1.20/spring-aop-6.1.20.jar:/home/codespace/.m2/repository/org/springframework/spring-context/6.1.20/spring-context-6.1.20.jar:/home/codespace/.m2/repository/org/springframework/spring-expression/6.1.20/spring-expression-6.1.20.jar:/home/codespace/.m2/repository/org/springframework/boot/spring-boot-devtools/3.3.12/spring-boot-devtools-3.3.12.jar:/home/codespace/.m2/repository/org/springframework/boot/spring-boot/3.3.12/spring-boot-3.3.12.jar:/home/codespace/.m2/repository/org/springframework/boot/spring-boot-autoconfigure/3.3.12/spring-boot-autoconfigure-3.3.12.jar:/home/codespace/.m2/repository/org/springframework/boot/spring-boot-starter-test/3.3.12/spring-boot-starter-test-3.3.12.jar:/home/codespace/.m2/repository/org/springframework/boot/spring-boot-test/3.3.12/spring-boot-test-3.3.12.jar:/home/codespace/.m2/repository/org/springframework/boot/spring-boot-test-autoconfigure/3.3.12/spring-boot-test-autoconfigure-3.3.12.jar:/home/codespace/.m2/repository/com/jayway/jsonpath/json-path/2.9.0/json-path-2.9.0.jar:/home/codespace/.m2/repository/org/slf4j/slf4j-api/2.0.17/slf4j-api-2.0.17.jar:/home/codespace/.m2/repository/jakarta/xml/bind/jakarta.xml.bind-api/4.0.2/jakarta.xml.bind-api-4.0.2.jar:/home/codespace/.m2/repository/jakarta/activation/jakarta.activation-api/2.1.3/jakarta.activation-api-2.1.3.jar:/home/codespace/.m2/repository/net/minidev/json-smart/2.5.2/json-smart-2.5.2.jar:/home/codespace/.m2/repository/net/minidev/accessors-smart/2.5.2/accessors-smart-2.5.2.jar:/home/codespace/.m2/repository/org/ow2/asm/asm/9.7.1/asm-9.7.1.jar:/home/codespace/.m2/repository/org/assertj/assertj-core/3.25.3/assertj-core-3.25.3.jar:/home/codespace/.m2/repository/net/bytebuddy/byte-buddy/1.14.19/byte-buddy-1.14.19.jar:/home/codespace/.m2/repository/org/awaitility/awaitility/4.2.2/awaitility-4.2.2.jar:/home/codespace/.m2/repository/org/hamcrest/hamcrest/2.2/hamcrest-2.2.jar:/home/codespace/.m2/repository/org/junit/jupiter/junit-jupiter/5.10.5/junit-jupiter-5.10.5.jar:/home/codespace/.m2/repository/org/junit/jupiter/junit-jupiter-api/5.10.5/junit-jupiter-api-5.10.5.jar:/home/codespace/.m2/repository/org/opentest4j/opentest4j/1.3.0/opentest4j-1.3.0.jar:/home/codespace/.m2/repository/org/junit/platform/junit-platform-commons/1.10.5/junit-platform-commons-1.10.5.jar:/home/codespace/.m2/repository/org/apiguardian/apiguardian-api/1.1.2/apiguardian-api-1.1.2.jar:/home/codespace/.m2/repository/org/junit/jupiter/junit-jupiter-params/5.10.5/junit-jupiter-params-5.10.5.jar:/home/codespace/.m2/repository/org/junit/jupiter/junit-jupiter-engine/5.10.5/junit-jupiter-engine-5.10.5.jar:/home/codespace/.m2/repository/org/junit/platform/junit-platform-engine/1.10.5/junit-platform-engine-1.10.5.jar:/home/codespace/.m2/repository/org/mockito/mockito-core/5.11.0/mockito-core-5.11.0.jar:/home/codespace/.m2/repository/net/bytebuddy/byte-buddy-agent/1.14.19/byte-buddy-agent-1.14.19.jar:/home/codespace/.m2/repository/org/objenesis/objenesis/3.3/objenesis-3.3.jar:/home/codespace/.m2/repository/org/mockito/mockito-junit-jupiter/5.11.0/mockito-junit-jupiter-5.11.0.jar:/home/codespace/.m2/repository/org/skyscreamer/jsonassert/1.5.3/jsonassert-1.5.3.jar:/home/codespace/.m2/repository/com/vaadin/external/google/android-json/0.0.20131108.vaadin1/android-json-0.0.20131108.vaadin1.jar:/home/codespace/.m2/repository/org/springframework/spring-core/6.1.20/spring-core-6.1.20.jar:/home/codespace/.m2/repository/org/springframework/spring-jcl/6.1.20/spring-jcl-6.1.20.jar:/home/codespace/.m2/repository/org/springframework/spring-test/6.1.20/spring-test-6.1.20.jar:/home/codespace/.m2/repository/org/xmlunit/xmlunit-core/2.9.1/xmlunit-core-2.9.1.jar:/home/codespace/.m2/repository/org/springframework/boot/spring-boot-starter-data-mongodb/3.3.12/spring-boot-starter-data-mongodb-3.3.12.jar:/home/codespace/.m2/repository/org/springframework/data/spring-data-mongodb/4.3.12/spring-data-mongodb-4.3.12.jar:/home/codespace/.m2/repository/org/springframework/spring-tx/6.1.20/spring-tx-6.1.20.jar:/home/codespace/.m2/repository/org/springframework/data/spring-data-commons/3.3.12/spring-data-commons-3.3.12.jar:/home/codespace/.m2/repository/org/mongodb/mongodb-driver-sync/5.0.1/mongodb-driver-sync-5.0.1.jar:/home/codespace/.m2/repository/org/mongodb/bson/5.0.1/bson-5.0.1.jar:/home/codespace/.m2/repository/org/mongodb/mongodb-driver-core/5.0.1/mongodb-driver-core-5.0.1.jar:/home/codespace/.m2/repository/org/mongodb/bson-record-codec/5.0.1/bson-record-codec-5.0.1.jar:/home/codespace/.m2/repository/io/github/cdimascio/dotenv-java/2.2.0/dotenv-java-2.2.0.jar:"/>
    <property name="sun.cpu.endian" value="little"/>
    <property name="user.home" value="/home/codespace"/>
    <property name="user.language" value="en"/>
    <property name="java.specification.vendor" value="Oracle Corporation"/>
    <property name="java.version.date" value="2025-04-15"/>
    <property name="java.home" value="/usr/lib/jvm/java-17-openjdk-amd64"/>
    <property name="file.separator" value="/"/>
    <property name="basedir" value="/workspaces/Spring-Moringa"/>
    <property name="java.vm.compressedOopsMode" value="32-bit"/>
    <property name="line.separator" value="&#10;"/>
    <property name="java.vm.specification.vendor" value="Oracle Corporation"/>
    <property name="java.specification.name" value="Java Platform API Specification"/>
    <property name="FILE_LOG_CHARSET" value="UTF-8"/>
    <property name="java.awt.headless" value="true"/>
    <property name="surefire.real.class.path" value="/workspaces/Spring-Moringa/target/surefire/surefirebooter-20250612202146678_3.jar"/>
    <property name="sun.management.compiler" value="HotSpot 64-Bit Tiered Compilers"/>
    <property name="java.runtime.version" value="17.0.15+6-Ubuntu-0ubuntu120.04"/>
    <property name="user.name" value="codespace"/>
    <property name="path.separator" value=":"/>
    <property name="os.version" value="6.8.0-1027-azure"/>
    <property name="java.runtime.name" value="OpenJDK Runtime Environment"/>
    <property name="file.encoding" value="UTF-8"/>
    <property name="java.vm.name" value="OpenJDK 64-Bit Server VM"/>
    <property name="localRepository" value="/home/codespace/.m2/repository"/>
    <property name="java.vendor.url.bug" value="https://bugs.launchpad.net/ubuntu/+source/openjdk-17"/>
    <property name="java.io.tmpdir" value="/tmp"/>
    <property name="java.version" value="17.0.15"/>
    <property name="user.dir" value="/workspaces/Spring-Moringa"/>
    <property name="os.arch" value="amd64"/>
    <property name="java.vm.specification.name" value="Java Virtual Machine Specification"/>
    <property name="PID" value="61260"/>
    <property name="CONSOLE_LOG_CHARSET" value="UTF-8"/>
    <property name="native.encoding" value="UTF-8"/>
    <property name="java.library.path" value="/usr/java/packages/lib:/usr/lib/x86_64-linux-gnu/jni:/lib/x86_64-linux-gnu:/usr/lib/x86_64-linux-gnu:/usr/lib/jni:/lib:/usr/lib"/>
    <property name="java.vm.info" value="mixed mode, sharing"/>
    <property name="java.vendor" value="Ubuntu"/>
    <property name="java.vm.version" value="17.0.15+6-Ubuntu-0ubuntu120.04"/>
    <property name="java.specification.maintenance.version" value="1"/>
    <property name="sun.io.unicode.encoding" value="UnicodeLittle"/>
    <property name="java.class.version" value="61.0"/>
    <property name="LOGGED_APPLICATION_NAME" value="[moringa] "/>
  </properties>
  <testcase name="contextLoads" classname="com.gpads.moringa.MoringaApplicationTests" time="0.014">
    <system-out><![CDATA[20:21:49.612 [main] INFO org.springframework.test.context.support.AnnotationConfigContextLoaderUtils -- Could not detect default configuration classes for test class [com.gpads.moringa.MoringaApplicationTests]: MoringaApplicationTests does not declare any static, non-private, non-final, nested classes annotated with @Configuration.
20:21:49.782 [main] INFO org.springframework.boot.test.context.SpringBootTestContextBootstrapper -- Found @SpringBootConfiguration com.gpads.moringa.MoringaApplication for test class com.gpads.moringa.MoringaApplicationTests
20:21:50.097 [main] INFO org.springframework.boot.devtools.restart.RestartApplicationListener -- Restart disabled due to context in which it is running

  .   ____          _            __ _ _
 /\\ / ___'_ __ _ _(_)_ __  __ _ \ \ \ \
( ( )\___ | '_ | '_| | '_ \/ _` | \ \ \ \
 \\/  ___)| |_)| | | | | || (_| |  ) ) ) )
  '  |____| .__|_| |_|_| |_\__, | / / / /
 =========|_|==============|___/=/_/_/_/

 :: Spring Boot ::               (v3.3.12)

2025-06-12T20:21:50.608Z  INFO 61260 --- [moringa] [           main] c.gpads.moringa.MoringaApplicationTests  : Starting MoringaApplicationTests using Java 17.0.15 with PID 61260 (started by codespace in /workspaces/Spring-Moringa)
2025-06-12T20:21:50.615Z  INFO 61260 --- [moringa] [           main] c.gpads.moringa.MoringaApplicationTests  : No active profile set, falling back to 1 default profile: "default"
2025-06-12T20:21:51.588Z  INFO 61260 --- [moringa] [           main] .s.d.r.c.RepositoryConfigurationDelegate : Bootstrapping Spring Data MongoDB repositories in DEFAULT mode.
2025-06-12T20:21:51.659Z  INFO 61260 --- [moringa] [           main] .s.d.r.c.RepositoryConfigurationDelegate : Finished Spring Data repository scanning in 66 ms. Found 5 MongoDB repository interfaces.
2025-06-12T20:21:52.241Z  INFO 61260 --- [moringa] [           main] org.mongodb.driver.client                : MongoClient with metadata {"application": {"name": "Cluster0"}, "driver": {"name": "mongo-java-driver|sync|spring-boot", "version": "5.0.1"}, "os": {"type": "Linux", "name": "Linux", "architecture": "amd64", "version": "6.8.0-1027-azure"}, "platform": "Java/Ubuntu/17.0.15+6-Ubuntu-0ubuntu120.04", "env": {"container": {"runtime": "docker"}}} created with settings MongoClientSettings{readPreference=primary, writeConcern=WriteConcern{w=majority, wTimeout=null ms, journal=null}, retryWrites=true, retryReads=true, readConcern=ReadConcern{level=null}, credential=MongoCredential{mechanism=null, userName='phpvn', source='admin', password=<hidden>, mechanismProperties=<hidden>}, transportSettings=null, commandListeners=[], codecRegistry=ProvidersCodecRegistry{codecProviders=[ValueCodecProvider{}, BsonValueCodecProvider{}, DBRefCodecProvider{}, DBObjectCodecProvider{}, DocumentCodecProvider{}, CollectionCodecProvider{}, IterableCodecProvider{}, MapCodecProvider{}, GeoJsonCodecProvider{}, GridFSFileCodecProvider{}, Jsr310CodecProvider{}, JsonObjectCodecProvider{}, BsonCodecProvider{}, EnumCodecProvider{}, com.mongodb.client.model.mql.ExpressionCodecProvider@71ad959b, com.mongodb.Jep395RecordCodecProvider@1d7c9811, com.mongodb.KotlinCodecProvider@3b362f1]}, loggerSettings=LoggerSettings{maxDocumentLength=1000}, clusterSettings={hosts=[127.0.0.1:27017], srvHost=cluster0.u9irlhy.mongodb.net, srvServiceName=mongodb, mode=MULTIPLE, requiredClusterType=REPLICA_SET, requiredReplicaSetName='atlas-80v4oo-shard-0', serverSelector='null', clusterListeners='[]', serverSelectionTimeout='30000 ms', localThreshold='15 ms'}, socketSettings=SocketSettings{connectTimeoutMS=10000, readTimeoutMS=0, receiveBufferSize=0, proxySettings=ProxySettings{host=null, port=null, username=null, password=null}}, heartbeatSocketSettings=SocketSettings{connectTimeoutMS=10000, readTimeoutMS=10000, receiveBufferSize=0, proxySettings=ProxySettings{host=null, port=null, username=null, password=null}}, connectionPoolSettings=ConnectionPoolSettings{maxSize=100, minSize=0, maxWaitTimeMS=120000, maxConnectionLifeTimeMS=0, maxConnectionIdleTimeMS=0, maintenanceInitialDelayMS=0, maintenanceFrequencyMS=60000, connectionPoolListeners=[], maxConnecting=2}, serverSettings=ServerSettings{heartbeatFrequencyMS=10000, minHeartbeatFrequencyMS=500, serverListeners='[]', serverMonitorListeners='[]'}, sslSettings=SslSettings{enabled=true, invalidHostNameAllowed=false, context=null}, applicationName='Cluster0', compressorList=[], uuidRepresentation=JAVA_LEGACY, serverApi=null, autoEncryptionSettings=null, dnsClient=null, inetAddressResolver=null, contextProvider=null}
2025-06-12T20:21:52.420Z  INFO 61260 --- [moringa] [lhy.mongodb.net] org.mongodb.driver.cluster               : Adding discovered server ac-spk8gf0-shard-00-02.u9irlhy.mongodb.net:27017 to client view of cluster
2025-06-12T20:21:52.473Z  INFO 61260 --- [moringa] [lhy.mongodb.net] org.mongodb.driver.cluster               : Adding discovered server ac-spk8gf0-shard-00-00.u9irlhy.mongodb.net:27017 to client view of cluster
2025-06-12T20:21:52.490Z  INFO 61260 --- [moringa] [lhy.mongodb.net] org.mongodb.driver.cluster               : Adding discovered server ac-spk8gf0-shard-00-01.u9irlhy.mongodb.net:27017 to client view of cluster
2025-06-12T20:21:53.284Z  INFO 61260 --- [moringa] [ngodb.net:27017] org.mongodb.driver.cluster               : Monitor thread successfully connected to server with description ServerDescription{address=ac-spk8gf0-shard-00-00.u9irlhy.mongodb.net:27017, type=REPLICA_SET_SECONDARY, state=CONNECTED, ok=true, minWireVersion=0, maxWireVersion=25, maxDocumentSize=16777216, logicalSessionTimeoutMinutes=30, roundTripTimeNanos=376129923, setName='atlas-80v4oo-shard-0', canonicalAddress=ac-spk8gf0-shard-00-00.u9irlhy.mongodb.net:27017, hosts=[ac-spk8gf0-shard-00-01.u9irlhy.mongodb.net:27017, ac-spk8gf0-shard-00-00.u9irlhy.mongodb.net:27017, ac-spk8gf0-shard-00-02.u9irlhy.mongodb.net:27017], passives=[], arbiters=[], primary='ac-spk8gf0-shard-00-01.u9irlhy.mongodb.net:27017', tagSet=TagSet{[Tag{name='availabilityZone', value='use1-az6'}, Tag{name='diskState', value='READY'}, Tag{name='nodeType', value='ELECTABLE'}, Tag{name='provider', value='AWS'}, Tag{name='region', value='US_EAST_1'}, Tag{name='workloadType', value='OPERATIONAL'}]}, electionId=null, setVersion=167, topologyVersion=TopologyVersion{processId=68473064686fe2bbaf3871ee, counter=4}, lastWriteDate=Thu Jun 12 20:21:53 UTC 2025, lastUpdateTimeNanos=5253449472141}
2025-06-12T20:21:53.286Z  INFO 61260 --- [moringa] [ngodb.net:27017] org.mongodb.driver.cluster               : Monitor thread successfully connected to server with description ServerDescription{address=ac-spk8gf0-shard-00-01.u9irlhy.mongodb.net:27017, type=REPLICA_SET_PRIMARY, state=CONNECTED, ok=true, minWireVersion=0, maxWireVersion=25, maxDocumentSize=16777216, logicalSessionTimeoutMinutes=30, roundTripTimeNanos=372913474, setName='atlas-80v4oo-shard-0', canonicalAddress=ac-spk8gf0-shard-00-01.u9irlhy.mongodb.net:27017, hosts=[ac-spk8gf0-shard-00-01.u9irlhy.mongodb.net:27017, ac-spk8gf0-shard-00-00.u9irlhy.mongodb.net:27017, ac-spk8gf0-shard-00-02.u9irlhy.mongodb.net:27017], passives=[], arbiters=[], primary='ac-spk8gf0-shard-00-01.u9irlhy.mongodb.net:27017', tagSet=TagSet{[Tag{name='availabilityZone', value='use1-az1'}, Tag{name='diskState', value='READY'}, Tag{name='nodeType', value='ELECTABLE'}, Tag{name='provider', value='AWS'}, Tag{name='region', value='US_EAST_1'}, Tag{name='workloadType', value='OPERATIONAL'}]}, electionId=7fffffff000000000000054d, setVersion=167, topologyVersion=TopologyVersion{processId=684730ac7f48d3187c909f63, counter=6}, lastWriteDate=Thu Jun 12 20:21:53 UTC 2025, lastUpdateTimeNanos=5253446983431}
2025-06-12T20:21:53.286Z  INFO 61260 --- [moringa] [ngodb.net:27017] org.mongodb.driver.cluster               : Monitor thread successfully connected to server with description ServerDescription{address=ac-spk8gf0-shard-00-02.u9irlhy.mongodb.net:27017, type=REPLICA_SET_SECONDARY, state=CONNECTED, ok=true, minWireVersion=0, maxWireVersion=25, maxDocumentSize=16777216, logicalSessionTimeoutMinutes=30, roundTripTimeNanos=377740316, setName='atlas-80v4oo-shard-0', canonicalAddress=ac-spk8gf0-shard-00-02.u9irlhy.mongodb.net:27017, hosts=[ac-spk8gf0-shard-00-01.u9irlhy.mongodb.net:27017, ac-spk8gf0-shard-00-00.u9irlhy.mongodb.net:27017, ac-spk8gf0-shard-00-02.u9irlhy.mongodb.net:27017], passives=[], arbiters=[], primary='ac-spk8gf0-shard-00-01.u9irlhy.mongodb.net:27017', tagSet=TagSet{[Tag{name='availabilityZone', value='use1-az2'}, Tag{name='diskState', value='READY'}, Tag{name='nodeType', value='ELECTABLE'}, Tag{name='provider', value='AWS'}, Tag{name='region', value='US_EAST_1'}, Tag{name='workloadType', value='OPERATIONAL'}]}, electionId=null, setVersion=167, topologyVersion=TopologyVersion{processId=684730f458a54abf9278494a, counter=3}, lastWriteDate=Thu Jun 12 20:21:53 UTC 2025, lastUpdateTimeNanos=5253448735457}
2025-06-12T20:21:53.291Z  INFO 61260 --- [moringa] [ngodb.net:27017] org.mongodb.driver.cluster               : Discovered replica set primary ac-spk8gf0-shard-00-01.u9irlhy.mongodb.net:27017 with max election id 7fffffff000000000000054d and max set version 167
2025-06-12T20:21:53.644Z  INFO 61260 --- [moringa] [           main] c.gpads.moringa.MoringaApplicationTests  : Started MoringaApplicationTests in 3.572 seconds (process running for 6.886)
]]></system-out>
  </testcase>
</testsuite>